<?xml version="1.0" encoding="UTF-8"?>
<!-- Generated by org.testng.reporters.JUnitReportReporter -->
<testsuite hostname="Pankajs-MacBook-Air.local" failures="0" tests="1" name="runner.Runner" time="0.100" errors="0" timestamp="2022-08-02T11:09:51 IST" skipped="0">
  <testcase classname="runner.Runner" name="feature" time="0.100"/>
  <system-out/>
</testsuite> <!-- runner.Runner -->
