<?xml version="1.0" encoding="UTF-8"?>
<!-- Generated by org.testng.reporters.JUnitReportReporter -->
<testsuite hostname="Pankajs-MacBook-Air.local" failures="0" tests="1" name="runner.TestRunner" time="14.415" errors="0" timestamp="2024-04-26T13:38:21 IST" skipped="0">
  <testcase classname="runner.TestRunner" name="runScenario" time="14.415"/>
  <system-out/>
</testsuite> <!-- runner.TestRunner -->
